info it worked if it ends with ok
verbose cli [ 'node', '/Users/fred/.nvm/v0.6.19/bin/npm', 'install', '-l' ]
info using npm@1.1.24
info using node@v0.6.19
verbose config file /Users/fred/.npmrc
verbose config file /Users/fred/.nvm/v0.6.19/etc/npmrc
verbose config file /Users/fred/.nvm/v0.6.19/lib/node_modules/npm/npmrc
ERR! Couldn't read dependencies.
ERR! Error: ENOENT, open '/srv/www/workspace/package.json'
ERR! You may report this log at:
ERR!     <http://github.com/isaacs/npm/issues>
ERR! or email it to:
ERR!     <npm-@googlegroups.com>
ERR! 
ERR! System Darwin 11.4.0
ERR! command "node" "/Users/fred/.nvm/v0.6.19/bin/npm" "install" "-l"
ERR! cwd /srv/www/workspace
ERR! node -v v0.6.19
ERR! npm -v 1.1.24
ERR! path /srv/www/workspace/package.json
ERR! code ENOENT
ERR! message ENOENT, open '/srv/www/workspace/package.json'
ERR! errno {}
verbose exit [ 1, true ]
